<?xml version="1.0" encoding="UTF-8"?>
<coverage generated="1741907328856" clover="3.2.0">
  <project timestamp="1741907328857" name="All files">
    <metrics statements="89" coveredstatements="80" conditionals="77" coveredconditionals="72" methods="14" coveredmethods="14" elements="180" coveredelements="166" complexity="0" loc="89" ncloc="89" packages="1" files="3" classes="3"/>
    <file name="classGameboard.js" path="/home/krios/repos/odin-battleship/src/js/classGameboard.js">
      <metrics statements="77" coveredstatements="68" conditionals="69" coveredconditionals="64" methods="10" coveredmethods="10"/>
      <line num="5" count="21" type="stmt"/>
      <line num="6" count="21" type="stmt"/>
      <line num="20" count="2" type="stmt"/>
      <line num="21" count="2" type="stmt"/>
      <line num="22" count="2" type="stmt"/>
      <line num="23" count="19" type="stmt"/>
      <line num="24" count="188" type="stmt"/>
      <line num="25" count="188" type="cond" truecount="2" falsecount="0"/>
      <line num="26" count="28" type="stmt"/>
      <line num="29" count="188" type="cond" truecount="2" falsecount="0"/>
      <line num="30" count="1" type="stmt"/>
      <line num="35" count="1" type="stmt"/>
      <line num="39" count="2" type="stmt"/>
      <line num="40" count="20" type="stmt"/>
      <line num="41" count="200" type="cond" truecount="2" falsecount="0"/>
      <line num="42" count="10" type="stmt"/>
      <line num="49" count="1" type="stmt"/>
      <line num="50" count="10" type="stmt"/>
      <line num="51" count="100" type="cond" truecount="2" falsecount="0"/>
      <line num="52" count="17" type="stmt"/>
      <line num="60" count="111" type="cond" truecount="2" falsecount="0"/>
      <line num="61" count="110" type="stmt"/>
      <line num="63" count="369" type="cond" truecount="2" falsecount="0"/>
      <line num="65" count="109" type="cond" truecount="2" falsecount="0"/>
      <line num="71" count="1" type="stmt"/>
      <line num="74" count="108" type="cond" truecount="2" falsecount="0"/>
      <line num="75" count="1" type="stmt"/>
      <line num="79" count="367" type="cond" truecount="2" falsecount="0"/>
      <line num="81" count="260" type="cond" truecount="2" falsecount="0"/>
      <line num="87" count="1" type="stmt"/>
      <line num="90" count="259" type="cond" truecount="2" falsecount="0"/>
      <line num="91" count="2" type="stmt"/>
      <line num="98" count="1" type="stmt"/>
      <line num="110" count="111" type="stmt"/>
      <line num="111" count="111" type="cond" truecount="2" falsecount="0"/>
      <line num="112" count="6" type="stmt"/>
      <line num="115" count="105" type="cond" truecount="2" falsecount="0"/>
      <line num="116" count="42" type="stmt"/>
      <line num="117" count="105" type="stmt"/>
      <line num="121" count="105" type="cond" truecount="2" falsecount="0"/>
      <line num="122" count="63" type="stmt"/>
      <line num="123" count="252" type="stmt"/>
      <line num="131" count="16" type="cond" truecount="2" falsecount="0"/>
      <line num="137" count="6" type="stmt"/>
      <line num="143" count="5" type="stmt"/>
      <line num="144" count="5" type="stmt"/>
      <line num="145" count="25" type="cond" truecount="2" falsecount="0"/>
      <line num="146" count="5" type="stmt"/>
      <line num="153" count="10" type="stmt"/>
      <line num="155" count="10" type="cond" truecount="2" falsecount="0"/>
      <line num="156" count="2" type="stmt"/>
      <line num="159" count="8" type="stmt"/>
      <line num="160" count="8" type="cond" truecount="2" falsecount="0"/>
      <line num="168" count="1" type="stmt"/>
      <line num="170" count="7" type="cond" truecount="2" falsecount="0"/>
      <line num="172" count="5" type="cond" truecount="2" falsecount="0"/>
      <line num="173" count="3" type="stmt"/>
      <line num="174" count="3" type="stmt"/>
      <line num="175" count="3" type="stmt"/>
      <line num="177" count="2" type="cond" truecount="1" falsecount="1"/>
      <line num="178" count="0" type="stmt"/>
      <line num="179" count="0" type="stmt"/>
      <line num="180" count="0" type="stmt"/>
      <line num="182" count="2" type="cond" truecount="1" falsecount="1"/>
      <line num="183" count="0" type="stmt"/>
      <line num="184" count="0" type="stmt"/>
      <line num="185" count="0" type="stmt"/>
      <line num="187" count="2" type="cond" truecount="1" falsecount="1"/>
      <line num="188" count="0" type="stmt"/>
      <line num="189" count="0" type="stmt"/>
      <line num="190" count="0" type="stmt"/>
      <line num="192" count="2" type="cond" truecount="1" falsecount="1"/>
      <line num="193" count="2" type="stmt"/>
      <line num="194" count="2" type="stmt"/>
      <line num="195" count="2" type="stmt"/>
      <line num="205" count="2" type="stmt"/>
      <line num="206" count="2" type="stmt"/>
    </file>
    <file name="classPlayer.js" path="/home/krios/repos/odin-battleship/src/js/classPlayer.js">
      <metrics statements="3" coveredstatements="3" conditionals="0" coveredconditionals="0" methods="1" coveredmethods="1"/>
      <line num="3" count="2" type="stmt"/>
      <line num="4" count="2" type="stmt"/>
      <line num="5" count="2" type="stmt"/>
    </file>
    <file name="classShip.js" path="/home/krios/repos/odin-battleship/src/js/classShip.js">
      <metrics statements="9" coveredstatements="9" conditionals="8" coveredconditionals="8" methods="3" coveredmethods="3"/>
      <line num="10" count="109" type="stmt"/>
      <line num="14" count="109" type="stmt"/>
      <line num="18" count="18" type="cond" truecount="2" falsecount="0"/>
      <line num="19" count="17" type="stmt"/>
      <line num="24" count="4" type="cond" truecount="2" falsecount="0"/>
      <line num="25" count="3" type="cond" truecount="2" falsecount="0"/>
      <line num="26" count="2" type="stmt"/>
      <line num="28" count="3" type="stmt"/>
      <line num="30" count="1" type="stmt"/>
    </file>
  </project>
</coverage>
