<?xml version="1.0" encoding="UTF-8"?>
<coverage generated="1735682622445" clover="3.2.0">
  <project timestamp="1735682622445" name="All files">
    <metrics statements="19" coveredstatements="18" conditionals="23" coveredconditionals="21" methods="5" coveredmethods="5" elements="47" coveredelements="44" complexity="0" loc="19" ncloc="19" packages="1" files="2" classes="2"/>
    <file name="gameboard.js" path="/home/krios/repos/odin-battleship/src/js/gameboard.js">
      <metrics statements="14" coveredstatements="13" conditionals="19" coveredconditionals="17" methods="2" coveredmethods="2"/>
      <line num="25" count="1" type="stmt"/>
      <line num="31" count="9" type="cond" truecount="1" falsecount="1"/>
      <line num="37" count="0" type="stmt"/>
      <line num="41" count="9" type="stmt"/>
      <line num="45" count="9" type="cond" truecount="4" falsecount="0"/>
      <line num="46" count="2" type="stmt"/>
      <line num="50" count="7" type="cond" truecount="2" falsecount="0"/>
      <line num="55" count="7" type="cond" truecount="5" falsecount="0"/>
      <line num="56" count="3" type="stmt"/>
      <line num="57" count="3" type="stmt"/>
      <line num="61" count="4" type="cond" truecount="1" falsecount="1"/>
      <line num="62" count="4" type="stmt"/>
      <line num="63" count="4" type="stmt"/>
      <line num="68" count="1" type="stmt"/>
    </file>
    <file name="ship.js" path="/home/krios/repos/odin-battleship/src/js/ship.js">
      <metrics statements="5" coveredstatements="5" conditionals="4" coveredconditionals="4" methods="3" coveredmethods="3"/>
      <line num="8" count="4" type="stmt"/>
      <line num="16" count="13" type="cond" truecount="2" falsecount="0"/>
      <line num="17" count="12" type="stmt"/>
      <line num="21" count="2" type="stmt"/>
      <line num="31" count="1" type="stmt"/>
    </file>
  </project>
</coverage>
