{"/home/krios/repos/odin-battleship/src/js/main.js": {"path":"/home/krios/repos/odin-battleship/src/js/main.js","statementMap":{"0":{"start":{"line":8,"column":4},"end":{"line":11,"column":37}},"1":{"start":{"line":15,"column":4},"end":{"line":17,"column":5}},"2":{"start":{"line":16,"column":6},"end":{"line":16,"column":24}},"3":{"start":{"line":20,"column":4},"end":{"line":20,"column":39}},"4":{"start":{"line":31,"column":0},"end":{"line":31,"column":26}}},"fnMap":{"0":{"name":"(anonymous_0)","decl":{"start":{"line":7,"column":2},"end":{"line":7,"column":3}},"loc":{"start":{"line":7,"column":61},"end":{"line":12,"column":3}},"line":7},"1":{"name":"(anonymous_1)","decl":{"start":{"line":14,"column":2},"end":{"line":14,"column":3}},"loc":{"start":{"line":14,"column":8},"end":{"line":18,"column":3}},"line":14},"2":{"name":"(anonymous_2)","decl":{"start":{"line":19,"column":2},"end":{"line":19,"column":3}},"loc":{"start":{"line":19,"column":11},"end":{"line":21,"column":3}},"line":19}},"branchMap":{"0":{"loc":{"start":{"line":7,"column":28},"end":{"line":7,"column":39}},"type":"default-arg","locations":[{"start":{"line":7,"column":38},"end":{"line":7,"column":39}}],"line":7},"1":{"loc":{"start":{"line":7,"column":41},"end":{"line":7,"column":59}},"type":"default-arg","locations":[{"start":{"line":7,"column":54},"end":{"line":7,"column":59}}],"line":7},"2":{"loc":{"start":{"line":15,"column":4},"end":{"line":17,"column":5}},"type":"if","locations":[{"start":{"line":15,"column":4},"end":{"line":17,"column":5}},{"start":{},"end":{}}],"line":15}},"s":{"0":4,"1":13,"2":12,"3":2,"4":1},"f":{"0":4,"1":13,"2":2},"b":{"0":[4],"1":[4],"2":[12,1]},"_coverageSchema":"1a1c01bbd47fc00a2c39e90264f33305004495a9","hash":"7a39f5c7ba9e231d955819f95bb30178891459f7"}
}
