{"/home/krios/repos/odin-battleship/src/js/gameboard.js": {"path":"/home/krios/repos/odin-battleship/src/js/gameboard.js","statementMap":{"0":{"start":{"line":14,"column":4},"end":{"line":14,"column":23}},"1":{"start":{"line":16,"column":4},"end":{"line":16,"column":52}},"2":{"start":{"line":17,"column":4},"end":{"line":17,"column":46}},"3":{"start":{"line":18,"column":4},"end":{"line":18,"column":45}},"4":{"start":{"line":19,"column":4},"end":{"line":19,"column":45}},"5":{"start":{"line":20,"column":4},"end":{"line":20,"column":47}},"6":{"start":{"line":22,"column":4},"end":{"line":22,"column":72}},"7":{"start":{"line":26,"column":4},"end":{"line":33,"column":5}},"8":{"start":{"line":32,"column":6},"end":{"line":32,"column":23}},"9":{"start":{"line":37,"column":4},"end":{"line":68,"column":5}},"10":{"start":{"line":38,"column":6},"end":{"line":65,"column":7}},"11":{"start":{"line":38,"column":19},"end":{"line":38,"column":20}},"12":{"start":{"line":39,"column":8},"end":{"line":51,"column":9}},"13":{"start":{"line":40,"column":10},"end":{"line":47,"column":11}},"14":{"start":{"line":46,"column":12},"end":{"line":46,"column":29}},"15":{"start":{"line":48,"column":10},"end":{"line":50,"column":11}},"16":{"start":{"line":49,"column":12},"end":{"line":49,"column":29}},"17":{"start":{"line":52,"column":8},"end":{"line":64,"column":9}},"18":{"start":{"line":53,"column":10},"end":{"line":60,"column":11}},"19":{"start":{"line":59,"column":12},"end":{"line":59,"column":29}},"20":{"start":{"line":61,"column":10},"end":{"line":63,"column":11}},"21":{"start":{"line":62,"column":12},"end":{"line":62,"column":29}},"22":{"start":{"line":67,"column":6},"end":{"line":67,"column":23}},"23":{"start":{"line":73,"column":20},"end":{"line":73,"column":40}},"24":{"start":{"line":74,"column":4},"end":{"line":74,"column":59}},"25":{"start":{"line":75,"column":4},"end":{"line":75,"column":59}},"26":{"start":{"line":76,"column":4},"end":{"line":76,"column":59}},"27":{"start":{"line":77,"column":4},"end":{"line":77,"column":59}},"28":{"start":{"line":78,"column":4},"end":{"line":78,"column":59}},"29":{"start":{"line":90,"column":25},"end":{"line":90,"column":74}},"30":{"start":{"line":92,"column":4},"end":{"line":107,"column":5}},"31":{"start":{"line":93,"column":6},"end":{"line":93,"column":23}},"32":{"start":{"line":96,"column":6},"end":{"line":100,"column":7}},"33":{"start":{"line":97,"column":8},"end":{"line":99,"column":9}},"34":{"start":{"line":97,"column":21},"end":{"line":97,"column":22}},"35":{"start":{"line":98,"column":10},"end":{"line":98,"column":52}},"36":{"start":{"line":102,"column":6},"end":{"line":106,"column":7}},"37":{"start":{"line":103,"column":8},"end":{"line":105,"column":9}},"38":{"start":{"line":103,"column":21},"end":{"line":103,"column":22}},"39":{"start":{"line":104,"column":10},"end":{"line":104,"column":52}},"40":{"start":{"line":112,"column":25},"end":{"line":112,"column":58}},"41":{"start":{"line":115,"column":4},"end":{"line":117,"column":5}},"42":{"start":{"line":116,"column":6},"end":{"line":116,"column":23}},"43":{"start":{"line":120,"column":17},"end":{"line":120,"column":37}},"44":{"start":{"line":123,"column":4},"end":{"line":125,"column":5}},"45":{"start":{"line":124,"column":6},"end":{"line":124,"column":21}},"46":{"start":{"line":128,"column":4},"end":{"line":134,"column":5}},"47":{"start":{"line":131,"column":6},"end":{"line":131,"column":27}},"48":{"start":{"line":132,"column":6},"end":{"line":132,"column":34}},"49":{"start":{"line":133,"column":6},"end":{"line":133,"column":19}},"50":{"start":{"line":137,"column":4},"end":{"line":140,"column":5}},"51":{"start":{"line":138,"column":6},"end":{"line":138,"column":34}},"52":{"start":{"line":139,"column":6},"end":{"line":139,"column":20}}},"fnMap":{"0":{"name":"(anonymous_0)","decl":{"start":{"line":13,"column":2},"end":{"line":13,"column":3}},"loc":{"start":{"line":13,"column":28},"end":{"line":23,"column":3}},"line":13},"1":{"name":"(anonymous_1)","decl":{"start":{"line":25,"column":2},"end":{"line":25,"column":3}},"loc":{"start":{"line":25,"column":31},"end":{"line":34,"column":3}},"line":25},"2":{"name":"(anonymous_2)","decl":{"start":{"line":36,"column":2},"end":{"line":36,"column":3}},"loc":{"start":{"line":36,"column":47},"end":{"line":70,"column":5}},"line":36},"3":{"name":"(anonymous_3)","decl":{"start":{"line":72,"column":2},"end":{"line":72,"column":3}},"loc":{"start":{"line":72,"column":18},"end":{"line":79,"column":3}},"line":72},"4":{"name":"(anonymous_4)","decl":{"start":{"line":82,"column":2},"end":{"line":82,"column":3}},"loc":{"start":{"line":82,"column":34},"end":{"line":108,"column":3}},"line":82},"5":{"name":"(anonymous_5)","decl":{"start":{"line":111,"column":2},"end":{"line":111,"column":3}},"loc":{"start":{"line":111,"column":26},"end":{"line":141,"column":3}},"line":111}},"branchMap":{"0":{"loc":{"start":{"line":22,"column":17},"end":{"line":22,"column":71}},"type":"binary-expr","locations":[{"start":{"line":22,"column":17},"end":{"line":22,"column":22}},{"start":{"line":22,"column":26},"end":{"line":22,"column":71}}],"line":22},"1":{"loc":{"start":{"line":26,"column":4},"end":{"line":33,"column":5}},"type":"if","locations":[{"start":{"line":26,"column":4},"end":{"line":33,"column":5}},{"start":{},"end":{}}],"line":26},"2":{"loc":{"start":{"line":27,"column":6},"end":{"line":30,"column":33}},"type":"binary-expr","locations":[{"start":{"line":27,"column":6},"end":{"line":27,"column":13}},{"start":{"line":28,"column":6},"end":{"line":28,"column":30}},{"start":{"line":29,"column":6},"end":{"line":29,"column":13}},{"start":{"line":30,"column":6},"end":{"line":30,"column":33}}],"line":27},"3":{"loc":{"start":{"line":37,"column":4},"end":{"line":68,"column":5}},"type":"if","locations":[{"start":{"line":37,"column":4},"end":{"line":68,"column":5}},{"start":{"line":66,"column":11},"end":{"line":68,"column":5}}],"line":37},"4":{"loc":{"start":{"line":39,"column":8},"end":{"line":51,"column":9}},"type":"if","locations":[{"start":{"line":39,"column":8},"end":{"line":51,"column":9}},{"start":{},"end":{}}],"line":39},"5":{"loc":{"start":{"line":40,"column":10},"end":{"line":47,"column":11}},"type":"if","locations":[{"start":{"line":40,"column":10},"end":{"line":47,"column":11}},{"start":{},"end":{}}],"line":40},"6":{"loc":{"start":{"line":41,"column":12},"end":{"line":44,"column":43}},"type":"binary-expr","locations":[{"start":{"line":41,"column":12},"end":{"line":41,"column":19}},{"start":{"line":42,"column":12},"end":{"line":42,"column":36}},{"start":{"line":43,"column":12},"end":{"line":43,"column":23}},{"start":{"line":44,"column":12},"end":{"line":44,"column":43}}],"line":41},"7":{"loc":{"start":{"line":48,"column":10},"end":{"line":50,"column":11}},"type":"if","locations":[{"start":{"line":48,"column":10},"end":{"line":50,"column":11}},{"start":{},"end":{}}],"line":48},"8":{"loc":{"start":{"line":52,"column":8},"end":{"line":64,"column":9}},"type":"if","locations":[{"start":{"line":52,"column":8},"end":{"line":64,"column":9}},{"start":{},"end":{}}],"line":52},"9":{"loc":{"start":{"line":53,"column":10},"end":{"line":60,"column":11}},"type":"if","locations":[{"start":{"line":53,"column":10},"end":{"line":60,"column":11}},{"start":{},"end":{}}],"line":53},"10":{"loc":{"start":{"line":54,"column":12},"end":{"line":57,"column":39}},"type":"binary-expr","locations":[{"start":{"line":54,"column":12},"end":{"line":54,"column":23}},{"start":{"line":55,"column":12},"end":{"line":55,"column":40}},{"start":{"line":56,"column":12},"end":{"line":56,"column":19}},{"start":{"line":57,"column":12},"end":{"line":57,"column":39}}],"line":54},"11":{"loc":{"start":{"line":61,"column":10},"end":{"line":63,"column":11}},"type":"if","locations":[{"start":{"line":61,"column":10},"end":{"line":63,"column":11}},{"start":{},"end":{}}],"line":61},"12":{"loc":{"start":{"line":74,"column":4},"end":{"line":74,"column":58}},"type":"cond-expr","locations":[{"start":{"line":74,"column":38},"end":{"line":74,"column":51}},{"start":{"line":74,"column":54},"end":{"line":74,"column":58}}],"line":74},"13":{"loc":{"start":{"line":75,"column":4},"end":{"line":75,"column":58}},"type":"cond-expr","locations":[{"start":{"line":75,"column":38},"end":{"line":75,"column":51}},{"start":{"line":75,"column":54},"end":{"line":75,"column":58}}],"line":75},"14":{"loc":{"start":{"line":76,"column":4},"end":{"line":76,"column":58}},"type":"cond-expr","locations":[{"start":{"line":76,"column":38},"end":{"line":76,"column":51}},{"start":{"line":76,"column":54},"end":{"line":76,"column":58}}],"line":76},"15":{"loc":{"start":{"line":77,"column":4},"end":{"line":77,"column":58}},"type":"cond-expr","locations":[{"start":{"line":77,"column":38},"end":{"line":77,"column":51}},{"start":{"line":77,"column":54},"end":{"line":77,"column":58}}],"line":77},"16":{"loc":{"start":{"line":78,"column":4},"end":{"line":78,"column":58}},"type":"cond-expr","locations":[{"start":{"line":78,"column":38},"end":{"line":78,"column":51}},{"start":{"line":78,"column":54},"end":{"line":78,"column":58}}],"line":78},"17":{"loc":{"start":{"line":92,"column":4},"end":{"line":107,"column":5}},"type":"if","locations":[{"start":{"line":92,"column":4},"end":{"line":107,"column":5}},{"start":{"line":94,"column":11},"end":{"line":107,"column":5}}],"line":92},"18":{"loc":{"start":{"line":96,"column":6},"end":{"line":100,"column":7}},"type":"if","locations":[{"start":{"line":96,"column":6},"end":{"line":100,"column":7}},{"start":{},"end":{}}],"line":96},"19":{"loc":{"start":{"line":102,"column":6},"end":{"line":106,"column":7}},"type":"if","locations":[{"start":{"line":102,"column":6},"end":{"line":106,"column":7}},{"start":{},"end":{}}],"line":102},"20":{"loc":{"start":{"line":115,"column":4},"end":{"line":117,"column":5}},"type":"if","locations":[{"start":{"line":115,"column":4},"end":{"line":117,"column":5}},{"start":{},"end":{}}],"line":115},"21":{"loc":{"start":{"line":123,"column":4},"end":{"line":125,"column":5}},"type":"if","locations":[{"start":{"line":123,"column":4},"end":{"line":125,"column":5}},{"start":{},"end":{}}],"line":123},"22":{"loc":{"start":{"line":123,"column":8},"end":{"line":123,"column":42}},"type":"binary-expr","locations":[{"start":{"line":123,"column":8},"end":{"line":123,"column":23}},{"start":{"line":123,"column":27},"end":{"line":123,"column":42}}],"line":123},"23":{"loc":{"start":{"line":128,"column":4},"end":{"line":134,"column":5}},"type":"if","locations":[{"start":{"line":128,"column":4},"end":{"line":134,"column":5}},{"start":{},"end":{}}],"line":128},"24":{"loc":{"start":{"line":128,"column":8},"end":{"line":128,"column":61}},"type":"binary-expr","locations":[{"start":{"line":128,"column":8},"end":{"line":128,"column":23}},{"start":{"line":128,"column":27},"end":{"line":128,"column":42}},{"start":{"line":128,"column":46},"end":{"line":128,"column":61}}],"line":128},"25":{"loc":{"start":{"line":137,"column":4},"end":{"line":140,"column":5}},"type":"if","locations":[{"start":{"line":137,"column":4},"end":{"line":140,"column":5}},{"start":{},"end":{}}],"line":137}},"s":{"0":12,"1":12,"2":12,"3":12,"4":12,"5":12,"6":12,"7":9,"8":2,"9":66,"10":65,"11":65,"12":216,"13":64,"14":1,"15":63,"16":1,"17":214,"18":152,"19":1,"20":151,"21":2,"22":1,"23":4,"24":4,"25":4,"26":4,"27":4,"28":4,"29":66,"30":66,"31":6,"32":60,"33":24,"34":24,"35":60,"36":60,"37":36,"38":36,"39":144,"40":9,"41":9,"42":2,"43":7,"44":7,"45":1,"46":6,"47":4,"48":4,"49":4,"50":2,"51":2,"52":2},"f":{"0":12,"1":9,"2":66,"3":4,"4":66,"5":9},"b":{"0":[12,12],"1":[2,7],"2":[9,8,7,7],"3":[65,1],"4":[64,152],"5":[1,63],"6":[64,64,64,64],"7":[1,62],"8":[152,62],"9":[1,151],"10":[152,152,151,151],"11":[2,149],"12":[2,2],"13":[0,4],"14":[0,4],"15":[0,4],"16":[2,2],"17":[6,60],"18":[24,36],"19":[36,24],"20":[2,7],"21":[1,6],"22":[7,7],"23":[4,2],"24":[6,4,4],"25":[2,0]},"_coverageSchema":"1a1c01bbd47fc00a2c39e90264f33305004495a9","hash":"3001b04d22b4eb01a133e5f1f5842536c88149d0"}
,"/home/krios/repos/odin-battleship/src/js/ship.js": {"path":"/home/krios/repos/odin-battleship/src/js/ship.js","statementMap":{"0":{"start":{"line":8,"column":4},"end":{"line":12,"column":37}},"1":{"start":{"line":16,"column":4},"end":{"line":18,"column":5}},"2":{"start":{"line":17,"column":6},"end":{"line":17,"column":24}},"3":{"start":{"line":35,"column":4},"end":{"line":40,"column":5}},"4":{"start":{"line":36,"column":6},"end":{"line":38,"column":7}},"5":{"start":{"line":37,"column":8},"end":{"line":37,"column":31}},"6":{"start":{"line":39,"column":6},"end":{"line":39,"column":18}},"7":{"start":{"line":41,"column":4},"end":{"line":41,"column":17}}},"fnMap":{"0":{"name":"(anonymous_0)","decl":{"start":{"line":7,"column":2},"end":{"line":7,"column":3}},"loc":{"start":{"line":7,"column":72},"end":{"line":13,"column":3}},"line":7},"1":{"name":"(anonymous_1)","decl":{"start":{"line":15,"column":2},"end":{"line":15,"column":3}},"loc":{"start":{"line":15,"column":8},"end":{"line":19,"column":3}},"line":15},"2":{"name":"(anonymous_2)","decl":{"start":{"line":34,"column":2},"end":{"line":34,"column":3}},"loc":{"start":{"line":34,"column":11},"end":{"line":42,"column":3}},"line":34}},"branchMap":{"0":{"loc":{"start":{"line":7,"column":39},"end":{"line":7,"column":50}},"type":"default-arg","locations":[{"start":{"line":7,"column":49},"end":{"line":7,"column":50}}],"line":7},"1":{"loc":{"start":{"line":7,"column":52},"end":{"line":7,"column":70}},"type":"default-arg","locations":[{"start":{"line":7,"column":65},"end":{"line":7,"column":70}}],"line":7},"2":{"loc":{"start":{"line":16,"column":4},"end":{"line":18,"column":5}},"type":"if","locations":[{"start":{"line":16,"column":4},"end":{"line":18,"column":5}},{"start":{},"end":{}}],"line":16},"3":{"loc":{"start":{"line":35,"column":4},"end":{"line":40,"column":5}},"type":"if","locations":[{"start":{"line":35,"column":4},"end":{"line":40,"column":5}},{"start":{},"end":{}}],"line":35},"4":{"loc":{"start":{"line":36,"column":6},"end":{"line":38,"column":7}},"type":"if","locations":[{"start":{"line":36,"column":6},"end":{"line":38,"column":7}},{"start":{},"end":{}}],"line":36}},"s":{"0":64,"1":17,"2":16,"3":4,"4":3,"5":2,"6":3,"7":1},"f":{"0":64,"1":17,"2":4},"b":{"0":[64],"1":[64],"2":[16,1],"3":[3,1],"4":[2,1]},"_coverageSchema":"1a1c01bbd47fc00a2c39e90264f33305004495a9","hash":"c0f794fa05d5617e1e1f1b8bb8cc3ed82e82e88e"}
}
