TN:
SF:src/js/gameboard.js
FN:13,(anonymous_0)
FN:25,(anonymous_1)
FN:36,(anonymous_2)
FN:72,(anonymous_3)
FN:82,(anonymous_4)
FN:111,(anonymous_5)
FNF:6
FNH:6
FNDA:12,(anonymous_0)
FNDA:9,(anonymous_1)
FNDA:66,(anonymous_2)
FNDA:4,(anonymous_3)
FNDA:66,(anonymous_4)
FNDA:9,(anonymous_5)
DA:14,12
DA:16,12
DA:17,12
DA:18,12
DA:19,12
DA:20,12
DA:22,12
DA:26,9
DA:32,2
DA:37,66
DA:38,65
DA:39,216
DA:40,64
DA:46,1
DA:48,63
DA:49,1
DA:52,214
DA:53,152
DA:59,1
DA:61,151
DA:62,2
DA:67,1
DA:73,4
DA:74,4
DA:75,4
DA:76,4
DA:77,4
DA:78,4
DA:90,66
DA:92,66
DA:93,6
DA:96,60
DA:97,24
DA:98,60
DA:102,60
DA:103,36
DA:104,144
DA:112,9
DA:115,9
DA:116,2
DA:120,7
DA:123,7
DA:124,1
DA:128,6
DA:131,4
DA:132,4
DA:133,4
DA:137,2
DA:138,2
DA:139,2
LF:50
LH:50
BRDA:22,0,0,12
BRDA:22,0,1,12
BRDA:26,1,0,2
BRDA:26,1,1,7
BRDA:27,2,0,9
BRDA:27,2,1,8
BRDA:27,2,2,7
BRDA:27,2,3,7
BRDA:37,3,0,65
BRDA:37,3,1,1
BRDA:39,4,0,64
BRDA:39,4,1,152
BRDA:40,5,0,1
BRDA:40,5,1,63
BRDA:41,6,0,64
BRDA:41,6,1,64
BRDA:41,6,2,64
BRDA:41,6,3,64
BRDA:48,7,0,1
BRDA:48,7,1,62
BRDA:52,8,0,152
BRDA:52,8,1,62
BRDA:53,9,0,1
BRDA:53,9,1,151
BRDA:54,10,0,152
BRDA:54,10,1,152
BRDA:54,10,2,151
BRDA:54,10,3,151
BRDA:61,11,0,2
BRDA:61,11,1,149
BRDA:74,12,0,2
BRDA:74,12,1,2
BRDA:75,13,0,0
BRDA:75,13,1,4
BRDA:76,14,0,0
BRDA:76,14,1,4
BRDA:77,15,0,0
BRDA:77,15,1,4
BRDA:78,16,0,2
BRDA:78,16,1,2
BRDA:92,17,0,6
BRDA:92,17,1,60
BRDA:96,18,0,24
BRDA:96,18,1,36
BRDA:102,19,0,36
BRDA:102,19,1,24
BRDA:115,20,0,2
BRDA:115,20,1,7
BRDA:123,21,0,1
BRDA:123,21,1,6
BRDA:123,22,0,7
BRDA:123,22,1,7
BRDA:128,23,0,4
BRDA:128,23,1,2
BRDA:128,24,0,6
BRDA:128,24,1,4
BRDA:128,24,2,4
BRDA:137,25,0,2
BRDA:137,25,1,0
BRF:59
BRH:55
end_of_record
TN:
SF:src/js/ship.js
FN:7,(anonymous_0)
FN:15,(anonymous_1)
FN:34,(anonymous_2)
FNF:3
FNH:3
FNDA:64,(anonymous_0)
FNDA:17,(anonymous_1)
FNDA:4,(anonymous_2)
DA:8,64
DA:16,17
DA:17,16
DA:35,4
DA:36,3
DA:37,2
DA:39,3
DA:41,1
LF:8
LH:8
BRDA:7,0,0,64
BRDA:7,1,0,64
BRDA:16,2,0,16
BRDA:16,2,1,1
BRDA:35,3,0,3
BRDA:35,3,1,1
BRDA:36,4,0,2
BRDA:36,4,1,1
BRF:8
BRH:8
end_of_record
