TN:
SF:src/js/gameboard.js
FN:24,(anonymous_0)
FN:29,(anonymous_1)
FNF:2
FNH:2
FNDA:1,(anonymous_0)
FNDA:9,(anonymous_1)
DA:25,1
DA:31,9
DA:37,0
DA:41,9
DA:45,9
DA:46,2
DA:50,7
DA:55,7
DA:56,3
DA:57,3
DA:61,4
DA:62,4
DA:63,4
DA:68,1
LF:14
LH:13
BRDA:31,0,0,0
BRDA:31,0,1,9
BRDA:32,1,0,9
BRDA:32,1,1,9
BRDA:32,1,2,9
BRDA:32,1,3,9
BRDA:45,2,0,2
BRDA:45,2,1,7
BRDA:45,3,0,9
BRDA:45,3,1,8
BRDA:50,4,0,3
BRDA:50,4,1,4
BRDA:55,5,0,3
BRDA:55,5,1,4
BRDA:55,6,0,7
BRDA:55,6,1,3
BRDA:55,6,2,3
BRDA:61,7,0,4
BRDA:61,7,1,0
BRF:19
BRH:17
end_of_record
TN:
SF:src/js/ship.js
FN:7,(anonymous_0)
FN:15,(anonymous_1)
FN:20,(anonymous_2)
FNF:3
FNH:3
FNDA:4,(anonymous_0)
FNDA:13,(anonymous_1)
FNDA:2,(anonymous_2)
DA:8,4
DA:16,13
DA:17,12
DA:21,2
DA:31,1
LF:5
LH:5
BRDA:7,0,0,4
BRDA:7,1,0,4
BRDA:16,2,0,12
BRDA:16,2,1,1
BRF:4
BRH:4
end_of_record
